\BOOKMARK [0][-]{section*.2}{摘 要}{}% 1
\BOOKMARK [0][-]{section*.4}{Abstract}{}% 2
\BOOKMARK [0][-]{section*.5}{目 录}{}% 3
\BOOKMARK [0][-]{section*.7}{图形列表}{}% 4
\BOOKMARK [0][-]{section*.9}{表格列表}{}% 5
\BOOKMARK [0][-]{chapter.1}{第1章  引言}{}% 6
\BOOKMARK [1][-]{section.1.1}{1.1 研究背景}{chapter.1}% 7
\BOOKMARK [1][-]{section.1.2}{1.2 研究意义}{chapter.1}% 8
\BOOKMARK [0][-]{chapter.2}{第2章  组合优化问题}{}% 9
\BOOKMARK [0][-]{chapter.3}{第3章  变分蒙特卡罗方法}{}% 10
\BOOKMARK [1][-]{section.3.1}{3.1 变分蒙特卡罗方法的原理}{chapter.3}% 11
\BOOKMARK [1][-]{section.3.2}{3.2 蒙特卡罗采样方法}{chapter.3}% 12
\BOOKMARK [1][-]{section.3.3}{3.3 试探波函数参数的更新}{chapter.3}% 13
\BOOKMARK [2][-]{subsection.3.3.1}{3.3.1 直接梯度下降法}{section.3.3}% 14
\BOOKMARK [1][-]{section.3.4}{3.4 试探波函数}{chapter.3}% 15
\BOOKMARK [0][-]{chapter.4}{第4章  扩散蒙特卡罗方法}{}% 16
\BOOKMARK [1][-]{section.4.1}{4.1 扩散蒙特卡罗方法的原理}{chapter.4}% 17
\BOOKMARK [0][-]{chapter.5}{第5章  车间调度问题}{}% 18
\BOOKMARK [1][-]{section.5.1}{5.1 车间调度问题的定义}{chapter.5}% 19
\BOOKMARK [2][-]{subsection.5.1.1}{5.1.1 车间调度问题的描述}{section.5.1}% 20
\BOOKMARK [2][-]{subsection.5.1.2}{5.1.2 车间调度问题的析取图表示}{section.5.1}% 21
\BOOKMARK [1][-]{section.5.2}{5.2 车间调度问题模型的构建}{chapter.5}% 22
\BOOKMARK [2][-]{subsection.5.2.1}{5.2.1 变量定义}{section.5.2}% 23
\BOOKMARK [2][-]{subsection.5.2.2}{5.2.2 添加约束}{section.5.2}% 24
\BOOKMARK [2][-]{subsection.5.2.3}{5.2.3 目标函数}{section.5.2}% 25
\BOOKMARK [0][-]{chapter.6}{第6章  总结与展望}{}% 26
\BOOKMARK [0][-]{chapter.7}{第7章  文献调研}{}% 27
\BOOKMARK [0][-]{section*.11}{参考文献}{}% 28
\BOOKMARK [0][-]{chapter*.13}{致谢}{}% 29
\BOOKMARK [0][-]{chapter*.14}{作者简历及攻读学位期间发表的学术论文与研究成果}{}% 30
